2023-03-09 21:49:12,832 INFO o.a.j.u.JMeterUtils: Setting Locale to en_EN
2023-03-09 21:49:12,859 INFO o.a.j.JMeter: Loading user properties from: /usr/local/Cellar/jmeter/5.5/libexec/bin/user.properties
2023-03-09 21:49:12,860 INFO o.a.j.JMeter: Loading system properties from: /usr/local/Cellar/jmeter/5.5/libexec/bin/system.properties
2023-03-09 21:49:12,865 INFO o.a.j.JMeter: Copyright (c) 1998-2022 The Apache Software Foundation
2023-03-09 21:49:12,865 INFO o.a.j.JMeter: Version 5.5
2023-03-09 21:49:12,865 INFO o.a.j.JMeter: java.version=19.0.2
2023-03-09 21:49:12,866 INFO o.a.j.JMeter: java.vm.name=OpenJDK 64-Bit Server VM
2023-03-09 21:49:12,866 INFO o.a.j.JMeter: os.name=Mac OS X
2023-03-09 21:49:12,866 INFO o.a.j.JMeter: os.arch=x86_64
2023-03-09 21:49:12,866 INFO o.a.j.JMeter: os.version=11.7
2023-03-09 21:49:12,866 INFO o.a.j.JMeter: file.encoding=UTF-8
2023-03-09 21:49:12,866 INFO o.a.j.JMeter: java.awt.headless=null
2023-03-09 21:49:12,866 INFO o.a.j.JMeter: Max memory     =1073741824
2023-03-09 21:49:12,866 INFO o.a.j.JMeter: Available Processors =8
2023-03-09 21:49:12,881 INFO o.a.j.JMeter: Default Locale=English (EN)
2023-03-09 21:49:12,881 INFO o.a.j.JMeter: JMeter  Locale=English (EN)
2023-03-09 21:49:12,881 INFO o.a.j.JMeter: JMeterHome=/usr/local/Cellar/jmeter/5.5/libexec
2023-03-09 21:49:12,881 INFO o.a.j.JMeter: user.dir  =/Users/tim/_git/jmeter-redis-pugin
2023-03-09 21:49:12,882 INFO o.a.j.JMeter: PWD       =/Users/tim/_git/jmeter-redis-pugin
2023-03-09 21:49:12,886 INFO o.a.j.JMeter: IP: 192.168.0.5 Name: Tims-Mac-Pro FullName: tims-mac-pro
2023-03-09 21:49:12,904 INFO o.a.j.JMeter: Loaded icon properties from org/apache/jmeter/images/icon.properties
2023-03-09 21:49:13,545 INFO o.a.j.JMeterGuiLauncher: Setting LAF to: laf:javax.swing.plaf.metal.MetalLookAndFeel
2023-03-09 21:49:15,747 INFO o.j.r.JARSourceHTTP: Requesting https://jmeter-plugins.org/repo/?installID=mac_os_x-1fea3493d516108ddbf48085bc2c5e3b-gui
2023-03-09 21:49:18,087 INFO o.j.r.PluginManager: Plugins Status: [jpgc-plugins-manager=1.7, jmeter-core=5.5, jmeter-ftp=5.5, jmeter-http=5.5, jmeter-jdbc=5.5, jmeter-jms=5.5, jmeter-junit=5.5, jmeter-java=5.5, jmeter-ldap=5.5, jmeter-mail=5.5, jmeter-mongodb=5.5, jmeter-native=5.5, jmeter-tcp=5.5, jmeter-components=5.5]
2023-03-09 21:49:18,088 INFO o.j.r.PluginManagerMenuItem: Plugins Manager has upgrades: [jpgc-plugins-manager]
2023-03-09 21:49:30,857 INFO o.a.j.s.FileServer: Default base='/Users/tim/_git/jmeter-redis-pugin'
2023-03-09 21:49:30,858 INFO o.a.j.s.FileServer: Set new base='/Users/tim/_git/jmeter-redis-pugin/jmx'
2023-03-09 21:49:31,108 INFO o.a.j.s.SaveService: Testplan (JMX) version: 2.2. Testlog (JTL) version: 2.2
2023-03-09 21:49:31,117 INFO o.a.j.s.SaveService: Using SaveService properties version 5.0
2023-03-09 21:49:31,120 INFO o.a.j.s.SaveService: Using SaveService properties file encoding UTF-8
2023-03-09 21:49:43,131 INFO o.a.j.s.SampleResult: Note: Sample TimeStamps are START times
2023-03-09 21:49:43,131 INFO o.a.j.s.SampleResult: sampleresult.default.encoding is set to ISO-8859-1
2023-03-09 21:49:43,131 INFO o.a.j.s.SampleResult: sampleresult.useNanoTime=true
2023-03-09 21:49:43,132 INFO o.a.j.s.SampleResult: sampleresult.nanoThreadSleep=5000
2023-03-09 21:49:43,323 INFO o.a.j.v.ViewResultsFullVisualizer: Add JavaFX to your Java installation if you want to use renderer: org.apache.jmeter.visualizers.RenderInBrowser
2023-03-09 21:50:05,333 INFO o.a.j.e.StandardJMeterEngine: Running the test!
2023-03-09 21:50:05,334 INFO o.a.j.s.SampleEvent: List of sample_variables: []
2023-03-09 21:50:05,334 INFO o.a.j.s.SampleEvent: List of sample_variables: []
2023-03-09 21:50:05,336 INFO o.a.j.e.u.CompoundVariable: Note: Function class names must contain the string: '.functions.'
2023-03-09 21:50:05,336 INFO o.a.j.e.u.CompoundVariable: Note: Function class names must not contain the string: '.gui.'
2023-03-09 21:50:05,369 INFO o.a.j.g.u.JMeterMenuBar: setRunning(true, *local*)
2023-03-09 21:50:05,417 INFO o.a.j.e.StandardJMeterEngine: Starting ThreadGroup: 1 : Thread Group
2023-03-09 21:50:05,417 INFO o.a.j.e.StandardJMeterEngine: Starting 1 threads for group Thread Group.
2023-03-09 21:50:05,418 INFO o.a.j.e.StandardJMeterEngine: Thread will continue on error
2023-03-09 21:50:05,418 INFO o.a.j.t.ThreadGroup: Starting thread group... number=1 threads=1 ramp-up=1 delayedStart=false
2023-03-09 21:50:05,420 INFO o.a.j.t.ThreadGroup: Started thread group number 1
2023-03-09 21:50:05,420 INFO o.a.j.e.StandardJMeterEngine: All thread groups have been started
2023-03-09 21:50:05,421 INFO o.a.j.t.JMeterThread: Thread started: Thread Group 1-1
2023-03-09 21:50:06,425 INFO o.a.j.t.JMeterThread: Thread is done: Thread Group 1-1
2023-03-09 21:50:06,425 INFO o.a.j.t.JMeterThread: Thread finished: Thread Group 1-1
2023-03-09 21:50:06,425 INFO o.a.j.e.StandardJMeterEngine: Notifying test listeners of end of test
2023-03-09 21:50:06,426 INFO o.a.j.g.u.JMeterMenuBar: setRunning(false, *local*)
